DEBUG:root:This message should go to the log file
INFO:root:So should this
WARNING:root:And this, too
WARNING:root:And this, too
INFO:requests.packages.urllib3.connectionpool:Starting new HTTPS connection (1): query.yahooapis.com
INFO:root:This is the total number of trading days - 207
INFO:requests.packages.urllib3.connectionpool:Starting new HTTPS connection (1): query.yahooapis.com
INFO:root:This is the total number of trading days - 207
INFO:requests.packages.urllib3.connectionpool:Starting new HTTPS connection (1): query.yahooapis.com
INFO:root:This is the total number of trading days - 207
INFO:requests.packages.urllib3.connectionpool:Starting new HTTPS connection (1): query.yahooapis.com
INFO:root:This is the total number of trading days - 207
INFO:requests.packages.urllib3.connectionpool:Starting new HTTPS connection (1): query.yahooapis.com
INFO:root:This is the total number of trading days - 207
INFO:botocore.credentials:Found credentials in environment variables.
INFO:boto3.resources.action:Calling dynamodb:get_item with {'TableName': 'Current_Trend', 'Key': {'stock_symbol': 'VNET'}}
INFO:botocore.vendored.requests.packages.urllib3.connectionpool:Starting new HTTP connection (1): dynamodb.us-east-1.amazonaws.com
INFO:requests.packages.urllib3.connectionpool:Starting new HTTPS connection (1): query.yahooapis.com
INFO:root:This is the total number of trading days - 207
INFO:requests.packages.urllib3.connectionpool:Starting new HTTPS connection (1): query.yahooapis.com
INFO:root:This is the total number of trading days - 207
INFO:requests.packages.urllib3.connectionpool:Starting new HTTPS connection (1): query.yahooapis.com
INFO:root:This is the total number of trading days - 207
INFO:requests.packages.urllib3.connectionpool:Starting new HTTPS connection (1): query.yahooapis.com
INFO:root:This is the total number of trading days - 207
INFO:requests.packages.urllib3.connectionpool:Starting new HTTPS connection (1): query.yahooapis.com
INFO:root:This is the total number of trading days - 207
INFO:requests.packages.urllib3.connectionpool:Starting new HTTPS connection (1): query.yahooapis.com
INFO:root:This is the total number of trading days - 207
INFO:requests.packages.urllib3.connectionpool:Starting new HTTPS connection (1): query.yahooapis.com
INFO:requests.packages.urllib3.connectionpool:Starting new HTTPS connection (1): query.yahooapis.com
INFO:root:This is the total number of trading days - 207
INFO:requests.packages.urllib3.connectionpool:Starting new HTTPS connection (1): query.yahooapis.com
INFO:root:This is the total number of trading days - 207
INFO:requests.packages.urllib3.connectionpool:Starting new HTTPS connection (1): query.yahooapis.com
INFO:root:This is the total number of trading days - 207
INFO:boto3.resources.action:Calling dynamodb:get_item with {'TableName': 'Current_Trend', 'Key': {'stock_symbol': 'ARAY'}}
INFO:botocore.vendored.requests.packages.urllib3.connectionpool:Starting new HTTP connection (1): dynamodb.us-east-1.amazonaws.com
INFO:requests.packages.urllib3.connectionpool:Starting new HTTPS connection (1): query.yahooapis.com
INFO:root:This is the total number of trading days - 207
INFO:boto3.resources.action:Calling dynamodb:get_item with {'TableName': 'Current_Trend', 'Key': {'stock_symbol': 'ACRX'}}
INFO:botocore.vendored.requests.packages.urllib3.connectionpool:Starting new HTTP connection (1): dynamodb.us-east-1.amazonaws.com
INFO:requests.packages.urllib3.connectionpool:Starting new HTTPS connection (1): query.yahooapis.com
INFO:root:This is the total number of trading days - 207
INFO:requests.packages.urllib3.connectionpool:Starting new HTTPS connection (1): query.yahooapis.com
INFO:root:This is the total number of trading days - 207
INFO:boto3.resources.action:Calling dynamodb:get_item with {'TableName': 'Current_Trend', 'Key': {'stock_symbol': 'ACHN'}}
INFO:botocore.vendored.requests.packages.urllib3.connectionpool:Starting new HTTP connection (1): dynamodb.us-east-1.amazonaws.com
INFO:requests.packages.urllib3.connectionpool:Starting new HTTPS connection (1): query.yahooapis.com
INFO:root:This is the total number of trading days - 191
INFO:requests.packages.urllib3.connectionpool:Starting new HTTPS connection (1): query.yahooapis.com
INFO:root:This is the total number of trading days - 207
INFO:requests.packages.urllib3.connectionpool:Starting new HTTPS connection (1): query.yahooapis.com
INFO:root:This is the total number of trading days - 207
INFO:requests.packages.urllib3.connectionpool:Starting new HTTPS connection (1): query.yahooapis.com
INFO:root:This is the total number of trading days - 207
INFO:requests.packages.urllib3.connectionpool:Starting new HTTPS connection (1): query.yahooapis.com
INFO:root:This is the total number of trading days - 207
INFO:requests.packages.urllib3.connectionpool:Starting new HTTPS connection (1): query.yahooapis.com
INFO:root:This is the total number of trading days - 207
INFO:requests.packages.urllib3.connectionpool:Starting new HTTPS connection (1): query.yahooapis.com
INFO:root:This is the total number of trading days - 207
INFO:requests.packages.urllib3.connectionpool:Starting new HTTPS connection (1): query.yahooapis.com
INFO:root:This is the total number of trading days - 176
INFO:requests.packages.urllib3.connectionpool:Starting new HTTPS connection (1): query.yahooapis.com
INFO:root:This is the total number of trading days - 207
INFO:requests.packages.urllib3.connectionpool:Starting new HTTPS connection (1): query.yahooapis.com
INFO:root:This is the total number of trading days - 207
INFO:boto3.resources.action:Calling dynamodb:get_item with {'TableName': 'Current_Trend', 'Key': {'stock_symbol': 'ADTN'}}
INFO:botocore.vendored.requests.packages.urllib3.connectionpool:Starting new HTTP connection (1): dynamodb.us-east-1.amazonaws.com
INFO:requests.packages.urllib3.connectionpool:Starting new HTTPS connection (1): query.yahooapis.com
INFO:root:This is the total number of trading days - 207
INFO:boto3.resources.action:Calling dynamodb:get_item with {'TableName': 'Current_Trend', 'Key': {'stock_symbol': 'ADRO'}}
INFO:botocore.vendored.requests.packages.urllib3.connectionpool:Starting new HTTP connection (1): dynamodb.us-east-1.amazonaws.com
INFO:requests.packages.urllib3.connectionpool:Starting new HTTPS connection (1): query.yahooapis.com
INFO:root:This is the total number of trading days - 165
INFO:requests.packages.urllib3.connectionpool:Starting new HTTPS connection (1): query.yahooapis.com
INFO:root:This is the total number of trading days - 207
INFO:requests.packages.urllib3.connectionpool:Starting new HTTPS connection (1): query.yahooapis.com
INFO:root:This is the total number of trading days - 207
INFO:requests.packages.urllib3.connectionpool:Starting new HTTPS connection (1): query.yahooapis.com
INFO:root:This is the total number of trading days - 207
INFO:boto3.resources.action:Calling dynamodb:get_item with {'TableName': 'Current_Trend', 'Key': {'stock_symbol': 'AEGR'}}
INFO:botocore.vendored.requests.packages.urllib3.connectionpool:Starting new HTTP connection (1): dynamodb.us-east-1.amazonaws.com
INFO:requests.packages.urllib3.connectionpool:Starting new HTTPS connection (1): query.yahooapis.com
INFO:root:This is the total number of trading days - 65
INFO:requests.packages.urllib3.connectionpool:Starting new HTTPS connection (1): query.yahooapis.com
INFO:root:This is the total number of trading days - 207
INFO:requests.packages.urllib3.connectionpool:Starting new HTTPS connection (1): query.yahooapis.com
INFO:root:This is the total number of trading days - 207
INFO:requests.packages.urllib3.connectionpool:Starting new HTTPS connection (1): query.yahooapis.com
INFO:root:This is the total number of trading days - 207
INFO:boto3.resources.action:Calling dynamodb:get_item with {'TableName': 'Current_Trend', 'Key': {'stock_symbol': 'AERI'}}
INFO:botocore.vendored.requests.packages.urllib3.connectionpool:Starting new HTTP connection (1): dynamodb.us-east-1.amazonaws.com
INFO:requests.packages.urllib3.connectionpool:Starting new HTTPS connection (1): query.yahooapis.com
INFO:root:Starting processing for the 2016-07-08 trading day.
INFO:root:-----------------Starting work on stock symbol TFSC.------------------------
INFO:requests.packages.urllib3.connectionpool:Starting new HTTPS connection (1): query.yahooapis.com
INFO:root:This is the total number of trading days - 207
INFO:root:This stock is either too expensive or not traded actively enough to work with.
INFO:root:-----------------End work on stock symbol TFSC.------------------------
INFO:root:-----------------Starting work on stock symbol TFSCU.------------------------
INFO:requests.packages.urllib3.connectionpool:Starting new HTTPS connection (1): query.yahooapis.com
INFO:root:This is the total number of trading days - 207
INFO:root:This stock is either too expensive or not traded actively enough to work with.
INFO:root:-----------------End work on stock symbol TFSCU.------------------------
INFO:root:-----------------Starting work on stock symbol PIH.------------------------
INFO:requests.packages.urllib3.connectionpool:Starting new HTTPS connection (1): query.yahooapis.com
INFO:root:This is the total number of trading days - 207
INFO:root:This stock is either too expensive or not traded actively enough to work with.
INFO:root:-----------------End work on stock symbol PIH.------------------------
INFO:root:-----------------Starting work on stock symbol FLWS.------------------------
INFO:requests.packages.urllib3.connectionpool:Starting new HTTPS connection (1): query.yahooapis.com
INFO:root:This is the total number of trading days - 207
INFO:root:This stock is either too expensive or not traded actively enough to work with.
INFO:root:-----------------End work on stock symbol FLWS.------------------------
INFO:root:-----------------Starting work on stock symbol VNET.------------------------
INFO:requests.packages.urllib3.connectionpool:Starting new HTTPS connection (1): query.yahooapis.com
INFO:root:This is the total number of trading days - 207
INFO:botocore.credentials:Found credentials in environment variables.
INFO:root:We have a down-trend signal from VNET
INFO:boto3.resources.action:Calling dynamodb:get_item with {'Key': {'stock_symbol': 'VNET'}, 'TableName': 'Current_Trend'}
INFO:botocore.vendored.requests.packages.urllib3.connectionpool:Starting new HTTP connection (1): dynamodb.us-east-1.amazonaws.com
INFO:root:We already know about the down-trend for VNET
INFO:root:Current 10 day SMA is 9.852, current 20 day EMA is 10.78907686166813, and current 30 day EMA is 11.658128607933241
INFO:root:-----------------End work on stock symbol VNET.------------------------
INFO:root:-----------------Starting work on stock symbol TWOU.------------------------
INFO:requests.packages.urllib3.connectionpool:Starting new HTTPS connection (1): query.yahooapis.com
INFO:root:This is the total number of trading days - 207
INFO:root:This stock is either too expensive or not traded actively enough to work with.
INFO:root:-----------------End work on stock symbol TWOU.------------------------
INFO:root:-----------------Starting work on stock symbol JOBS.------------------------
INFO:requests.packages.urllib3.connectionpool:Starting new HTTPS connection (1): query.yahooapis.com
INFO:root:This is the total number of trading days - 207
INFO:root:This stock is either too expensive or not traded actively enough to work with.
INFO:root:-----------------End work on stock symbol JOBS.------------------------
INFO:root:-----------------Starting work on stock symbol CAFD.------------------------
INFO:requests.packages.urllib3.connectionpool:Starting new HTTPS connection (1): query.yahooapis.com
INFO:root:This is the total number of trading days - 207
INFO:root:This stock is either too expensive or not traded actively enough to work with.
INFO:root:-----------------End work on stock symbol CAFD.------------------------
INFO:root:-----------------Starting work on stock symbol SHLM.------------------------
INFO:requests.packages.urllib3.connectionpool:Starting new HTTPS connection (1): query.yahooapis.com
INFO:root:This is the total number of trading days - 207
INFO:root:This stock is either too expensive or not traded actively enough to work with.
INFO:root:-----------------End work on stock symbol SHLM.------------------------
INFO:root:-----------------Starting work on stock symbol ABAX.------------------------
INFO:requests.packages.urllib3.connectionpool:Starting new HTTPS connection (1): query.yahooapis.com
INFO:root:This is the total number of trading days - 207
INFO:root:This stock is either too expensive or not traded actively enough to work with.
INFO:root:-----------------End work on stock symbol ABAX.------------------------
INFO:root:-----------------Starting work on stock symbol ABIL.------------------------
INFO:requests.packages.urllib3.connectionpool:Starting new HTTPS connection (1): query.yahooapis.com
INFO:root:This is the total number of trading days - 207
INFO:root:This stock is either too expensive or not traded actively enough to work with.
INFO:root:-----------------End work on stock symbol ABIL.------------------------
INFO:root:-----------------Starting work on stock symbol ACIA.------------------------
INFO:requests.packages.urllib3.connectionpool:Starting new HTTPS connection (1): query.yahooapis.com
INFO:root:This stock has not been traded long enough to do analysis on it.
INFO:root:-----------------End work on stock symbol ACIA.------------------------
INFO:root:-----------------Starting work on stock symbol ACAD.------------------------
INFO:requests.packages.urllib3.connectionpool:Starting new HTTPS connection (1): query.yahooapis.com
INFO:root:This is the total number of trading days - 207
INFO:root:This stock is either too expensive or not traded actively enough to work with.
INFO:root:-----------------End work on stock symbol ACAD.------------------------
INFO:root:-----------------Starting work on stock symbol XLRN.------------------------
INFO:requests.packages.urllib3.connectionpool:Starting new HTTPS connection (1): query.yahooapis.com
INFO:root:This is the total number of trading days - 207
INFO:root:This stock is either too expensive or not traded actively enough to work with.
INFO:root:-----------------End work on stock symbol XLRN.------------------------
INFO:root:-----------------Starting work on stock symbol ARAY.------------------------
INFO:requests.packages.urllib3.connectionpool:Starting new HTTPS connection (1): query.yahooapis.com
INFO:root:This is the total number of trading days - 207
INFO:root:We have a down-trend signal from ARAY
INFO:boto3.resources.action:Calling dynamodb:get_item with {'Key': {'stock_symbol': 'ARAY'}, 'TableName': 'Current_Trend'}
INFO:botocore.vendored.requests.packages.urllib3.connectionpool:Starting new HTTP connection (1): dynamodb.us-east-1.amazonaws.com
INFO:root:We already know about the down-trend for ARAY
INFO:root:Current 10 day SMA is 5.055, current 20 day EMA is 5.127654052502015, and current 30 day EMA is 5.181075779621673
INFO:root:-----------------End work on stock symbol ARAY.------------------------
INFO:root:-----------------Starting work on stock symbol ACRX.------------------------
INFO:requests.packages.urllib3.connectionpool:Starting new HTTPS connection (1): query.yahooapis.com
INFO:root:This is the total number of trading days - 207
INFO:root:We have a down-trend signal from ACRX
INFO:boto3.resources.action:Calling dynamodb:get_item with {'Key': {'stock_symbol': 'ACRX'}, 'TableName': 'Current_Trend'}
INFO:botocore.vendored.requests.packages.urllib3.connectionpool:Starting new HTTP connection (1): dynamodb.us-east-1.amazonaws.com
INFO:root:We already know about the down-trend for ACRX
INFO:root:Current 10 day SMA is 2.707, current 20 day EMA is 2.8697980340133467, and current 30 day EMA is 2.949760552392014
INFO:root:-----------------End work on stock symbol ACRX.------------------------
INFO:root:-----------------Starting work on stock symbol AKAO.------------------------
INFO:requests.packages.urllib3.connectionpool:Starting new HTTPS connection (1): query.yahooapis.com
INFO:root:This is the total number of trading days - 207
INFO:root:This stock is either too expensive or not traded actively enough to work with.
INFO:root:-----------------End work on stock symbol AKAO.------------------------
INFO:root:-----------------Starting work on stock symbol ACHN.------------------------
INFO:requests.packages.urllib3.connectionpool:Starting new HTTPS connection (1): query.yahooapis.com
INFO:root:This is the total number of trading days - 207
INFO:root:We have a down-trend signal from ACHN
INFO:boto3.resources.action:Calling dynamodb:get_item with {'Key': {'stock_symbol': 'ACHN'}, 'TableName': 'Current_Trend'}
INFO:botocore.vendored.requests.packages.urllib3.connectionpool:Starting new HTTP connection (1): dynamodb.us-east-1.amazonaws.com
INFO:root:We already know about the down-trend for ACHN
INFO:root:Current 10 day SMA is 8.105, current 20 day EMA is 8.474068033367049, and current 30 day EMA is 8.530534200569075
INFO:root:-----------------End work on stock symbol ACHN.------------------------
INFO:root:-----------------Starting work on stock symbol ACRS.------------------------
INFO:requests.packages.urllib3.connectionpool:Starting new HTTPS connection (1): query.yahooapis.com
INFO:root:This is the total number of trading days - 191
INFO:root:This stock is either too expensive or not traded actively enough to work with.
INFO:root:-----------------End work on stock symbol ACRS.------------------------
INFO:root:-----------------Starting work on stock symbol ACOR.------------------------
INFO:requests.packages.urllib3.connectionpool:Starting new HTTPS connection (1): query.yahooapis.com
INFO:root:This is the total number of trading days - 207
INFO:root:This stock is either too expensive or not traded actively enough to work with.
INFO:root:-----------------End work on stock symbol ACOR.------------------------
INFO:root:-----------------Starting work on stock symbol ACTS.------------------------
INFO:requests.packages.urllib3.connectionpool:Starting new HTTPS connection (1): query.yahooapis.com
INFO:root:This is the total number of trading days - 207
INFO:root:This stock is either too expensive or not traded actively enough to work with.
INFO:root:-----------------End work on stock symbol ACTS.------------------------
INFO:root:-----------------Starting work on stock symbol ACPW.------------------------
INFO:requests.packages.urllib3.connectionpool:Starting new HTTPS connection (1): query.yahooapis.com
INFO:root:This is the total number of trading days - 207
INFO:root:This stock is either too expensive or not traded actively enough to work with.
INFO:root:-----------------End work on stock symbol ACPW.------------------------
INFO:root:-----------------Starting work on stock symbol ADMS.------------------------
INFO:requests.packages.urllib3.connectionpool:Starting new HTTPS connection (1): query.yahooapis.com
INFO:root:This is the total number of trading days - 207
INFO:root:This stock is either too expensive or not traded actively enough to work with.
INFO:root:-----------------End work on stock symbol ADMS.------------------------
INFO:root:-----------------Starting work on stock symbol ADAP.------------------------
INFO:requests.packages.urllib3.connectionpool:Starting new HTTPS connection (1): query.yahooapis.com
INFO:root:This is the total number of trading days - 207
INFO:root:This stock is either too expensive or not traded actively enough to work with.
INFO:root:-----------------End work on stock symbol ADAP.------------------------
INFO:root:-----------------Starting work on stock symbol ADUS.------------------------
INFO:requests.packages.urllib3.connectionpool:Starting new HTTPS connection (1): query.yahooapis.com
INFO:root:This is the total number of trading days - 207
INFO:root:This stock is either too expensive or not traded actively enough to work with.
INFO:root:-----------------End work on stock symbol ADUS.------------------------
INFO:root:-----------------Starting work on stock symbol IOTS.------------------------
INFO:requests.packages.urllib3.connectionpool:Starting new HTTPS connection (1): query.yahooapis.com
INFO:root:This is the total number of trading days - 176
INFO:root:This stock is either too expensive or not traded actively enough to work with.
INFO:root:-----------------End work on stock symbol IOTS.------------------------
INFO:root:-----------------Starting work on stock symbol ADBE.------------------------
INFO:requests.packages.urllib3.connectionpool:Starting new HTTPS connection (1): query.yahooapis.com
INFO:root:This is the total number of trading days - 207
INFO:root:This stock is either too expensive or not traded actively enough to work with.
INFO:root:-----------------End work on stock symbol ADBE.------------------------
INFO:root:-----------------Starting work on stock symbol ADTN.------------------------
INFO:requests.packages.urllib3.connectionpool:Starting new HTTPS connection (1): query.yahooapis.com
INFO:root:This is the total number of trading days - 207
INFO:root:We have a down-trend signal from ADTN
INFO:boto3.resources.action:Calling dynamodb:get_item with {'Key': {'stock_symbol': 'ADTN'}, 'TableName': 'Current_Trend'}
INFO:botocore.vendored.requests.packages.urllib3.connectionpool:Starting new HTTP connection (1): dynamodb.us-east-1.amazonaws.com
INFO:root:We already know about the down-trend for ADTN
INFO:root:Current 10 day SMA is 18.294999999999998, current 20 day EMA is 18.575028577663055, and current 30 day EMA is 18.635862278154338
INFO:root:-----------------End work on stock symbol ADTN.------------------------
INFO:root:-----------------Starting work on stock symbol ADRO.------------------------
INFO:requests.packages.urllib3.connectionpool:Starting new HTTPS connection (1): query.yahooapis.com
INFO:root:This is the total number of trading days - 207
INFO:root:We have a down-trend signal from ADRO
INFO:boto3.resources.action:Calling dynamodb:get_item with {'Key': {'stock_symbol': 'ADRO'}, 'TableName': 'Current_Trend'}
INFO:botocore.vendored.requests.packages.urllib3.connectionpool:Starting new HTTP connection (1): dynamodb.us-east-1.amazonaws.com
INFO:root:We already know about the down-trend for ADRO
INFO:root:Current 10 day SMA is 11.443, current 20 day EMA is 11.623309698521874, and current 30 day EMA is 11.634042333127065
INFO:root:-----------------End work on stock symbol ADRO.------------------------
INFO:root:-----------------Starting work on stock symbol AAAP.------------------------
INFO:requests.packages.urllib3.connectionpool:Starting new HTTPS connection (1): query.yahooapis.com
INFO:root:This is the total number of trading days - 165
INFO:root:This stock is either too expensive or not traded actively enough to work with.
INFO:root:-----------------End work on stock symbol AAAP.------------------------
INFO:root:-----------------Starting work on stock symbol AEIS.------------------------
INFO:requests.packages.urllib3.connectionpool:Starting new HTTPS connection (1): query.yahooapis.com
INFO:root:This is the total number of trading days - 207
INFO:root:This stock is either too expensive or not traded actively enough to work with.
INFO:root:-----------------End work on stock symbol AEIS.------------------------
INFO:root:-----------------Starting work on stock symbol ADVM.------------------------
INFO:requests.packages.urllib3.connectionpool:Starting new HTTPS connection (1): query.yahooapis.com
INFO:root:This is the total number of trading days - 207
INFO:root:This stock is either too expensive or not traded actively enough to work with.
INFO:root:-----------------End work on stock symbol ADVM.------------------------
INFO:root:-----------------Starting work on stock symbol AEGR.------------------------
INFO:requests.packages.urllib3.connectionpool:Starting new HTTPS connection (1): query.yahooapis.com
INFO:root:This is the total number of trading days - 207
INFO:root:We have a down-trend signal from AEGR
INFO:boto3.resources.action:Calling dynamodb:get_item with {'Key': {'stock_symbol': 'AEGR'}, 'TableName': 'Current_Trend'}
INFO:botocore.vendored.requests.packages.urllib3.connectionpool:Starting new HTTP connection (1): dynamodb.us-east-1.amazonaws.com
INFO:root:We already know about the down-trend for AEGR
INFO:root:Current 10 day SMA is 1.533, current 20 day EMA is 1.5955554173188884, and current 30 day EMA is 1.6929211575957264
INFO:root:-----------------End work on stock symbol AEGR.------------------------
INFO:root:-----------------Starting work on stock symbol AGLE.------------------------
INFO:requests.packages.urllib3.connectionpool:Starting new HTTPS connection (1): query.yahooapis.com
INFO:root:This is the total number of trading days - 65
INFO:root:This stock is either too expensive or not traded actively enough to work with.
INFO:root:-----------------End work on stock symbol AGLE.------------------------
INFO:root:-----------------Starting work on stock symbol AEHR.------------------------
INFO:requests.packages.urllib3.connectionpool:Starting new HTTPS connection (1): query.yahooapis.com
INFO:root:This is the total number of trading days - 207
INFO:root:This stock is either too expensive or not traded actively enough to work with.
INFO:root:-----------------End work on stock symbol AEHR.------------------------
INFO:root:-----------------Starting work on stock symbol AEPI.------------------------
INFO:requests.packages.urllib3.connectionpool:Starting new HTTPS connection (1): query.yahooapis.com
INFO:root:This is the total number of trading days - 207
INFO:root:This stock is either too expensive or not traded actively enough to work with.
INFO:root:-----------------End work on stock symbol AEPI.------------------------
INFO:root:-----------------Starting work on stock symbol AERI.------------------------
INFO:requests.packages.urllib3.connectionpool:Starting new HTTPS connection (1): query.yahooapis.com
INFO:root:This is the total number of trading days - 207
INFO:root:We have a up-trend signal from AERI
INFO:boto3.resources.action:Calling dynamodb:get_item with {'Key': {'stock_symbol': 'AERI'}, 'TableName': 'Current_Trend'}
INFO:botocore.vendored.requests.packages.urllib3.connectionpool:Starting new HTTP connection (1): dynamodb.us-east-1.amazonaws.com
INFO:root:We already know about the up-trend for AERI
INFO:root:Current 10 day SMA is 17.4610001, current 20 day EMA is 17.59834887897958, and current 30 day EMA is 17.424680993050245
INFO:root:-----------------End work on stock symbol AERI.------------------------
INFO:root:-----------------Starting work on stock symbol AVAV.------------------------
INFO:requests.packages.urllib3.connectionpool:Starting new HTTPS connection (1): query.yahooapis.com
INFO:root:This is the total number of trading days - 207
INFO:root:This stock is either too expensive or not traded actively enough to work with.
INFO:root:-----------------End work on stock symbol AVAV.------------------------
INFO:root:-----------------Starting work on stock symbol AFMD.------------------------
INFO:requests.packages.urllib3.connectionpool:Starting new HTTPS connection (1): query.yahooapis.com
INFO:root:This is the total number of trading days - 207
INFO:root:This stock is either too expensive or not traded actively enough to work with.
INFO:root:-----------------End work on stock symbol AFMD.------------------------
INFO:root:-----------------Starting work on stock symbol AGEN.------------------------
INFO:requests.packages.urllib3.connectionpool:Starting new HTTPS connection (1): query.yahooapis.com
INFO:root:This is the total number of trading days - 207
INFO:root:We have a up-trend signal from AGEN
INFO:boto3.resources.action:Calling dynamodb:get_item with {'Key': {'stock_symbol': 'AGEN'}, 'TableName': 'Current_Trend'}
INFO:botocore.vendored.requests.packages.urllib3.connectionpool:Starting new HTTP connection (1): dynamodb.us-east-1.amazonaws.com
INFO:root:We already know about the up-trend for AGEN
INFO:root:Current 10 day SMA is 4.189, current 20 day EMA is 4.203175520969359, and current 30 day EMA is 4.131311394895096
INFO:root:-----------------End work on stock symbol AGEN.------------------------
INFO:root:-----------------Starting work on stock symbol AGRX.------------------------
INFO:requests.packages.urllib3.connectionpool:Starting new HTTPS connection (1): query.yahooapis.com
INFO:root:This is the total number of trading days - 207
INFO:root:This stock is either too expensive or not traded actively enough to work with.
INFO:root:-----------------End work on stock symbol AGRX.------------------------
INFO:root:-----------------Starting work on stock symbol AGIO.------------------------
INFO:requests.packages.urllib3.connectionpool:Starting new HTTPS connection (1): query.yahooapis.com
INFO:root:This is the total number of trading days - 207
INFO:root:This stock is either too expensive or not traded actively enough to work with.
INFO:root:-----------------End work on stock symbol AGIO.------------------------
INFO:root:-----------------Starting work on stock symbol AGFS.------------------------
INFO:requests.packages.urllib3.connectionpool:Starting new HTTPS connection (1): query.yahooapis.com
INFO:root:This is the total number of trading days - 207
INFO:root:We have a down-trend signal from AGFS
INFO:boto3.resources.action:Calling dynamodb:get_item with {'Key': {'stock_symbol': 'AGFS'}, 'TableName': 'Current_Trend'}
INFO:botocore.vendored.requests.packages.urllib3.connectionpool:Starting new HTTP connection (1): dynamodb.us-east-1.amazonaws.com
INFO:root:We already know about the down-trend for AGFS
INFO:root:Current 10 day SMA is 5.25, current 20 day EMA is 5.267521033215162, and current 30 day EMA is 5.262899430820452
INFO:root:-----------------End work on stock symbol AGFS.------------------------
INFO:root:-----------------Starting work on stock symbol AIMT.------------------------
INFO:requests.packages.urllib3.connectionpool:Starting new HTTPS connection (1): query.yahooapis.com
INFO:root:This is the total number of trading days - 207
INFO:root:We have a down-trend signal from AIMT
INFO:boto3.resources.action:Calling dynamodb:get_item with {'Key': {'stock_symbol': 'AIMT'}, 'TableName': 'Current_Trend'}
INFO:botocore.vendored.requests.packages.urllib3.connectionpool:Starting new HTTP connection (1): dynamodb.us-east-1.amazonaws.com
INFO:root:We already know about the down-trend for AIMT
INFO:root:Current 10 day SMA is 10.784, current 20 day EMA is 11.711050844652902, and current 30 day EMA is 12.2294031438312
INFO:root:-----------------End work on stock symbol AIMT.------------------------
INFO:root:-----------------Starting work on stock symbol AMCN.------------------------
INFO:requests.packages.urllib3.connectionpool:Starting new HTTPS connection (1): query.yahooapis.com
INFO:root:This is the total number of trading days - 207
INFO:root:We have a down-trend signal from AMCN
INFO:boto3.resources.action:Calling dynamodb:get_item with {'Key': {'stock_symbol': 'AMCN'}, 'TableName': 'Current_Trend'}
INFO:botocore.vendored.requests.packages.urllib3.connectionpool:Starting new HTTP connection (1): dynamodb.us-east-1.amazonaws.com
INFO:root:We already know about the down-trend for AMCN
INFO:root:Current 10 day SMA is 3.4339999999999997, current 20 day EMA is 3.607336079914676, and current 30 day EMA is 3.8108708420350044
INFO:root:-----------------End work on stock symbol AMCN.------------------------
INFO:root:-----------------Starting work on stock symbol AKAM.------------------------
INFO:requests.packages.urllib3.connectionpool:Starting new HTTPS connection (1): query.yahooapis.com
INFO:root:This is the total number of trading days - 207
INFO:root:This stock is either too expensive or not traded actively enough to work with.
INFO:root:-----------------End work on stock symbol AKAM.------------------------
INFO:root:-----------------Starting work on stock symbol AKBA.------------------------
INFO:requests.packages.urllib3.connectionpool:Starting new HTTPS connection (1): query.yahooapis.com
INFO:root:This is the total number of trading days - 207
INFO:root:We have a down-trend signal from AKBA
INFO:boto3.resources.action:Calling dynamodb:get_item with {'Key': {'stock_symbol': 'AKBA'}, 'TableName': 'Current_Trend'}
INFO:botocore.vendored.requests.packages.urllib3.connectionpool:Starting new HTTP connection (1): dynamodb.us-east-1.amazonaws.com
INFO:root:We already know about the down-trend for AKBA
INFO:root:Current 10 day SMA is 7.726999999999999, current 20 day EMA is 7.968216935192177, and current 30 day EMA is 8.078094574469944
INFO:root:-----------------End work on stock symbol AKBA.------------------------
INFO:root:-----------------Starting work on stock symbol AKER.------------------------
INFO:requests.packages.urllib3.connectionpool:Starting new HTTPS connection (1): query.yahooapis.com
INFO:root:This is the total number of trading days - 207
INFO:root:This stock is either too expensive or not traded actively enough to work with.
INFO:root:-----------------End work on stock symbol AKER.------------------------
INFO:root:-----------------Starting work on stock symbol ALRM.------------------------
INFO:requests.packages.urllib3.connectionpool:Starting new HTTPS connection (1): query.yahooapis.com
INFO:root:This is the total number of trading days - 207
INFO:root:This stock is either too expensive or not traded actively enough to work with.
INFO:root:-----------------End work on stock symbol ALRM.------------------------
INFO:root:-----------------Starting work on stock symbol ALSK.------------------------
INFO:requests.packages.urllib3.connectionpool:Starting new HTTPS connection (1): query.yahooapis.com
INFO:root:This is the total number of trading days - 207
INFO:root:This stock is either too expensive or not traded actively enough to work with.
INFO:root:-----------------End work on stock symbol ALSK.------------------------
INFO:root:-----------------Starting work on stock symbol AMRI.------------------------
INFO:requests.packages.urllib3.connectionpool:Starting new HTTPS connection (1): query.yahooapis.com
INFO:root:This is the total number of trading days - 207
INFO:root:This stock is either too expensive or not traded actively enough to work with.
INFO:root:-----------------End work on stock symbol AMRI.------------------------
INFO:root:-----------------Starting work on stock symbol ADHD.------------------------
INFO:requests.packages.urllib3.connectionpool:Starting new HTTPS connection (1): query.yahooapis.com
INFO:root:This is the total number of trading days - 207
INFO:root:This stock is either too expensive or not traded actively enough to work with.
INFO:root:-----------------End work on stock symbol ADHD.------------------------
INFO:root:-----------------Starting work on stock symbol ALDR.------------------------
INFO:requests.packages.urllib3.connectionpool:Starting new HTTPS connection (1): query.yahooapis.com
INFO:root:This is the total number of trading days - 207
INFO:root:This stock is either too expensive or not traded actively enough to work with.
INFO:root:-----------------End work on stock symbol ALDR.------------------------
INFO:root:-----------------Starting work on stock symbol ALDX.------------------------
INFO:requests.packages.urllib3.connectionpool:Starting new HTTPS connection (1): query.yahooapis.com
INFO:root:This is the total number of trading days - 207
INFO:root:This stock is either too expensive or not traded actively enough to work with.
INFO:root:-----------------End work on stock symbol ALDX.------------------------
INFO:root:-----------------Starting work on stock symbol ALXN.------------------------
INFO:requests.packages.urllib3.connectionpool:Starting new HTTPS connection (1): query.yahooapis.com
INFO:root:This is the total number of trading days - 207
INFO:root:This stock is either too expensive or not traded actively enough to work with.
INFO:root:-----------------End work on stock symbol ALXN.------------------------
INFO:root:-----------------Starting work on stock symbol ALGN.------------------------
INFO:requests.packages.urllib3.connectionpool:Starting new HTTPS connection (1): query.yahooapis.com
INFO:root:This is the total number of trading days - 207
INFO:root:This stock is either too expensive or not traded actively enough to work with.
INFO:root:-----------------End work on stock symbol ALGN.------------------------
INFO:root:-----------------Starting work on stock symbol ALIM.------------------------
INFO:requests.packages.urllib3.connectionpool:Starting new HTTPS connection (1): query.yahooapis.com
INFO:root:This is the total number of trading days - 207
INFO:root:We have a down-trend signal from ALIM
INFO:boto3.resources.action:Calling dynamodb:get_item with {'Key': {'stock_symbol': 'ALIM'}, 'TableName': 'Current_Trend'}
INFO:botocore.vendored.requests.packages.urllib3.connectionpool:Starting new HTTP connection (1): dynamodb.us-east-1.amazonaws.com
INFO:root:We already know about the down-trend for ALIM
INFO:root:Current 10 day SMA is 1.283, current 20 day EMA is 1.4044569745575533, and current 30 day EMA is 1.4750545522309628
INFO:root:-----------------End work on stock symbol ALIM.------------------------
INFO:root:-----------------Starting work on stock symbol ALKS.------------------------
INFO:requests.packages.urllib3.connectionpool:Starting new HTTPS connection (1): query.yahooapis.com
INFO:root:This is the total number of trading days - 207
INFO:root:This stock is either too expensive or not traded actively enough to work with.
INFO:root:-----------------End work on stock symbol ALKS.------------------------
INFO:root:-----------------Starting work on stock symbol ABTX.------------------------
INFO:requests.packages.urllib3.connectionpool:Starting new HTTPS connection (1): query.yahooapis.com
INFO:root:This is the total number of trading days - 189
INFO:root:This stock is either too expensive or not traded actively enough to work with.
INFO:root:-----------------End work on stock symbol ABTX.------------------------
INFO:root:-----------------Starting work on stock symbol ALGT.------------------------
INFO:requests.packages.urllib3.connectionpool:Starting new HTTPS connection (1): query.yahooapis.com
INFO:root:This is the total number of trading days - 207
INFO:root:This stock is either too expensive or not traded actively enough to work with.
INFO:root:-----------------End work on stock symbol ALGT.------------------------
INFO:root:-----------------Starting work on stock symbol AIQ.------------------------
INFO:requests.packages.urllib3.connectionpool:Starting new HTTPS connection (1): query.yahooapis.com
INFO:root:This is the total number of trading days - 207
INFO:root:This stock is either too expensive or not traded actively enough to work with.
INFO:root:-----------------End work on stock symbol AIQ.------------------------
INFO:root:-----------------Starting work on stock symbol AHGP.------------------------
INFO:requests.packages.urllib3.connectionpool:Starting new HTTPS connection (1): query.yahooapis.com
INFO:root:This is the total number of trading days - 207
INFO:root:This stock is either too expensive or not traded actively enough to work with.
INFO:root:-----------------End work on stock symbol AHGP.------------------------
INFO:root:-----------------Starting work on stock symbol ARLP.------------------------
INFO:requests.packages.urllib3.connectionpool:Starting new HTTPS connection (1): query.yahooapis.com
INFO:root:This is the total number of trading days - 207
INFO:root:We have a up-trend signal from ARLP
INFO:boto3.resources.action:Calling dynamodb:get_item with {'Key': {'stock_symbol': 'ARLP'}, 'TableName': 'Current_Trend'}
INFO:botocore.vendored.requests.packages.urllib3.connectionpool:Starting new HTTP connection (1): dynamodb.us-east-1.amazonaws.com
INFO:root:We already know about the up-trend for ARLP
INFO:root:Current 10 day SMA is 16.044999800000003, current 20 day EMA is 15.945939737561028, and current 30 day EMA is 15.66252224450825
INFO:root:-----------------End work on stock symbol ARLP.------------------------
INFO:root:-----------------Starting work on stock symbol AHPI.------------------------
INFO:requests.packages.urllib3.connectionpool:Starting new HTTPS connection (1): query.yahooapis.com
INFO:root:This is the total number of trading days - 207
INFO:root:This stock is either too expensive or not traded actively enough to work with.
INFO:root:-----------------End work on stock symbol AHPI.------------------------
INFO:root:-----------------Starting work on stock symbol ALLT.------------------------
INFO:requests.packages.urllib3.connectionpool:Starting new HTTPS connection (1): query.yahooapis.com
INFO:root:This is the total number of trading days - 207
INFO:root:This stock is either too expensive or not traded actively enough to work with.
INFO:root:-----------------End work on stock symbol ALLT.------------------------
INFO:root:-----------------Starting work on stock symbol ALNY.------------------------
INFO:requests.packages.urllib3.connectionpool:Starting new HTTPS connection (1): query.yahooapis.com
INFO:root:This is the total number of trading days - 207
INFO:root:This stock is either too expensive or not traded actively enough to work with.
INFO:root:-----------------End work on stock symbol ALNY.------------------------
INFO:root:-----------------Starting work on stock symbol AOSL.------------------------
INFO:requests.packages.urllib3.connectionpool:Starting new HTTPS connection (1): query.yahooapis.com
INFO:root:This is the total number of trading days - 207
INFO:root:This stock is either too expensive or not traded actively enough to work with.
INFO:root:-----------------End work on stock symbol AOSL.------------------------
INFO:root:-----------------Starting work on stock symbol GOOG.------------------------
INFO:requests.packages.urllib3.connectionpool:Starting new HTTPS connection (1): query.yahooapis.com
INFO:root:This is the total number of trading days - 207
INFO:root:This stock is either too expensive or not traded actively enough to work with.
INFO:root:-----------------End work on stock symbol GOOG.------------------------
INFO:root:-----------------Starting work on stock symbol ATEC.------------------------
INFO:requests.packages.urllib3.connectionpool:Starting new HTTPS connection (1): query.yahooapis.com
INFO:root:This is the total number of trading days - 207
INFO:root:This stock is either too expensive or not traded actively enough to work with.
INFO:root:-----------------End work on stock symbol ATEC.------------------------
INFO:root:-----------------Starting work on stock symbol AIMC.------------------------
INFO:requests.packages.urllib3.connectionpool:Starting new HTTPS connection (1): query.yahooapis.com
INFO:root:This is the total number of trading days - 207
INFO:root:This stock is either too expensive or not traded actively enough to work with.
INFO:root:-----------------End work on stock symbol AIMC.------------------------
INFO:root:-----------------Starting work on stock symbol AMZN.------------------------
INFO:requests.packages.urllib3.connectionpool:Starting new HTTPS connection (1): query.yahooapis.com
INFO:root:This is the total number of trading days - 207
INFO:root:This stock is either too expensive or not traded actively enough to work with.
INFO:root:-----------------End work on stock symbol AMZN.------------------------
INFO:root:-----------------Starting work on stock symbol AMBA.------------------------
INFO:requests.packages.urllib3.connectionpool:Starting new HTTPS connection (1): query.yahooapis.com
INFO:root:This is the total number of trading days - 207
INFO:root:This stock is either too expensive or not traded actively enough to work with.
INFO:root:-----------------End work on stock symbol AMBA.------------------------
INFO:root:-----------------Starting work on stock symbol AMDA.------------------------
INFO:requests.packages.urllib3.connectionpool:Starting new HTTPS connection (1): query.yahooapis.com
INFO:root:This is the total number of trading days - 207
INFO:root:We have a down-trend signal from AMDA
INFO:boto3.resources.action:Calling dynamodb:get_item with {'Key': {'stock_symbol': 'AMDA'}, 'TableName': 'Current_Trend'}
INFO:botocore.vendored.requests.packages.urllib3.connectionpool:Starting new HTTP connection (1): dynamodb.us-east-1.amazonaws.com
INFO:root:We already know about the down-trend for AMDA
INFO:root:Current 10 day SMA is 1.2144, current 20 day EMA is 1.2172949077898187, and current 30 day EMA is 1.2752115560456934
INFO:root:-----------------End work on stock symbol AMDA.------------------------
INFO:root:-----------------Starting work on stock symbol AGNC.------------------------
INFO:requests.packages.urllib3.connectionpool:Starting new HTTPS connection (1): query.yahooapis.com
INFO:root:This is the total number of trading days - 207
INFO:root:We have a up-trend signal from AGNC
INFO:boto3.resources.action:Calling dynamodb:get_item with {'Key': {'stock_symbol': 'AGNC'}, 'TableName': 'Current_Trend'}
INFO:botocore.vendored.requests.packages.urllib3.connectionpool:Starting new HTTP connection (1): dynamodb.us-east-1.amazonaws.com
INFO:root:We already know about the up-trend for AGNC
INFO:root:Current 10 day SMA is 19.5048346, current 20 day EMA is 19.25144419429938, and current 30 day EMA is 19.096738651914933
INFO:root:-----------------End work on stock symbol AGNC.------------------------
INFO:root:-----------------Starting work on stock symbol MTGE.------------------------
INFO:requests.packages.urllib3.connectionpool:Starting new HTTPS connection (1): query.yahooapis.com
INFO:root:This is the total number of trading days - 207
INFO:root:We have a up-trend signal from MTGE
INFO:boto3.resources.action:Calling dynamodb:get_item with {'Key': {'stock_symbol': 'MTGE'}, 'TableName': 'Current_Trend'}
INFO:botocore.vendored.requests.packages.urllib3.connectionpool:Starting new HTTP connection (1): dynamodb.us-east-1.amazonaws.com
INFO:root:We already know about the up-trend for MTGE
INFO:root:Current 10 day SMA is 15.667000000000002, current 20 day EMA is 15.696179406554258, and current 30 day EMA is 15.65324268318992
INFO:root:-----------------End work on stock symbol MTGE.------------------------
INFO:root:-----------------Starting work on stock symbol APEI.------------------------
INFO:requests.packages.urllib3.connectionpool:Starting new HTTPS connection (1): query.yahooapis.com
INFO:root:This is the total number of trading days - 207
INFO:root:This stock is either too expensive or not traded actively enough to work with.
INFO:root:-----------------End work on stock symbol APEI.------------------------
INFO:root:-----------------Starting work on stock symbol ARII.------------------------
INFO:requests.packages.urllib3.connectionpool:Starting new HTTPS connection (1): query.yahooapis.com
INFO:root:This is the total number of trading days - 207
INFO:root:This stock is either too expensive or not traded actively enough to work with.
INFO:root:-----------------End work on stock symbol ARII.------------------------
INFO:root:-----------------Starting work on stock symbol AMSC.------------------------
INFO:requests.packages.urllib3.connectionpool:Starting new HTTPS connection (1): query.yahooapis.com
INFO:root:This is the total number of trading days - 207
INFO:root:This stock is either too expensive or not traded actively enough to work with.
INFO:root:-----------------End work on stock symbol AMSC.------------------------
INFO:root:-----------------Starting work on stock symbol AMWD.------------------------
INFO:requests.packages.urllib3.connectionpool:Starting new HTTPS connection (1): query.yahooapis.com
INFO:root:This is the total number of trading days - 207
INFO:root:This stock is either too expensive or not traded actively enough to work with.
INFO:root:-----------------End work on stock symbol AMWD.------------------------
INFO:root:-----------------Starting work on stock symbol ABCB.------------------------
INFO:requests.packages.urllib3.connectionpool:Starting new HTTPS connection (1): query.yahooapis.com
INFO:root:This is the total number of trading days - 207
INFO:root:This stock is either too expensive or not traded actively enough to work with.
INFO:root:-----------------End work on stock symbol ABCB.------------------------
INFO:root:-----------------Starting work on stock symbol AMSF.------------------------
INFO:requests.packages.urllib3.connectionpool:Starting new HTTPS connection (1): query.yahooapis.com
INFO:root:This is the total number of trading days - 207
INFO:root:This stock is either too expensive or not traded actively enough to work with.
INFO:root:-----------------End work on stock symbol AMSF.------------------------
INFO:root:-----------------Starting work on stock symbol AMGN.------------------------
INFO:requests.packages.urllib3.connectionpool:Starting new HTTPS connection (1): query.yahooapis.com
INFO:root:This is the total number of trading days - 207
INFO:root:This stock is either too expensive or not traded actively enough to work with.
INFO:root:-----------------End work on stock symbol AMGN.------------------------
INFO:root:-----------------Starting work on stock symbol FOLD.------------------------
INFO:requests.packages.urllib3.connectionpool:Starting new HTTPS connection (1): query.yahooapis.com
INFO:root:This is the total number of trading days - 207
INFO:root:We have a down-trend signal from FOLD
INFO:boto3.resources.action:Calling dynamodb:get_item with {'Key': {'stock_symbol': 'FOLD'}, 'TableName': 'Current_Trend'}
INFO:botocore.vendored.requests.packages.urllib3.connectionpool:Starting new HTTP connection (1): dynamodb.us-east-1.amazonaws.com
INFO:root:We already know about the down-trend for FOLD
INFO:root:Current 10 day SMA is 5.593000000000001, current 20 day EMA is 5.905084419788598, and current 30 day EMA is 6.0901735674402895
INFO:root:-----------------End work on stock symbol FOLD.------------------------
INFO:root:-----------------Starting work on stock symbol AMKR.------------------------
INFO:requests.packages.urllib3.connectionpool:Starting new HTTPS connection (1): query.yahooapis.com
INFO:root:This is the total number of trading days - 207
INFO:root:We have a down-trend signal from AMKR
INFO:boto3.resources.action:Calling dynamodb:get_item with {'Key': {'stock_symbol': 'AMKR'}, 'TableName': 'Current_Trend'}
INFO:botocore.vendored.requests.packages.urllib3.connectionpool:Starting new HTTP connection (1): dynamodb.us-east-1.amazonaws.com
INFO:root:We already know about the down-trend for AMKR
INFO:root:Current 10 day SMA is 5.670999999999999, current 20 day EMA is 5.8341784935587615, and current 30 day EMA is 5.868092942733157
INFO:root:-----------------End work on stock symbol AMKR.------------------------
INFO:root:-----------------Starting work on stock symbol AMPH.------------------------
INFO:requests.packages.urllib3.connectionpool:Starting new HTTPS connection (1): query.yahooapis.com
INFO:root:This is the total number of trading days - 207
INFO:root:This stock is either too expensive or not traded actively enough to work with.
INFO:root:-----------------End work on stock symbol AMPH.------------------------
INFO:root:-----------------Starting work on stock symbol AMRS.------------------------
INFO:requests.packages.urllib3.connectionpool:Starting new HTTPS connection (1): query.yahooapis.com
INFO:root:This is the total number of trading days - 207
INFO:root:We have a down-trend signal from AMRS
INFO:boto3.resources.action:Calling dynamodb:get_item with {'Key': {'stock_symbol': 'AMRS'}, 'TableName': 'Current_Trend'}
INFO:botocore.vendored.requests.packages.urllib3.connectionpool:Starting new HTTP connection (1): dynamodb.us-east-1.amazonaws.com
INFO:root:We already know about the down-trend for AMRS
INFO:root:Current 10 day SMA is 0.40700000000000003, current 20 day EMA is 0.45317185641686814, and current 30 day EMA is 0.4983447932567912
INFO:root:-----------------End work on stock symbol AMRS.------------------------
INFO:root:-----------------Starting work on stock symbol ALOG.------------------------
INFO:requests.packages.urllib3.connectionpool:Starting new HTTPS connection (1): query.yahooapis.com
INFO:root:This is the total number of trading days - 207
INFO:root:This stock is either too expensive or not traded actively enough to work with.
INFO:root:-----------------End work on stock symbol ALOG.------------------------
INFO:root:-----------------Starting work on stock symbol ANCB.------------------------
INFO:requests.packages.urllib3.connectionpool:Starting new HTTPS connection (1): query.yahooapis.com
INFO:root:This is the total number of trading days - 207
INFO:root:This stock is either too expensive or not traded actively enough to work with.
INFO:root:-----------------End work on stock symbol ANCB.------------------------
INFO:root:-----------------Starting work on stock symbol ANDA.------------------------
INFO:requests.packages.urllib3.connectionpool:Starting new HTTPS connection (1): query.yahooapis.com
INFO:root:This is the total number of trading days - 147
INFO:root:This stock is either too expensive or not traded actively enough to work with.
INFO:root:-----------------End work on stock symbol ANDA.------------------------
INFO:root:-----------------Starting work on stock symbol ANDAU.------------------------
INFO:requests.packages.urllib3.connectionpool:Starting new HTTPS connection (1): query.yahooapis.com
INFO:root:-----------------End work on stock symbol ANDAU.------------------------
INFO:root:-----------------Starting work on stock symbol ANGI.------------------------
INFO:requests.packages.urllib3.connectionpool:Starting new HTTPS connection (1): query.yahooapis.com
INFO:root:This is the total number of trading days - 207
INFO:root:We have a down-trend signal from ANGI
INFO:boto3.resources.action:Calling dynamodb:get_item with {'Key': {'stock_symbol': 'ANGI'}, 'TableName': 'Current_Trend'}
INFO:botocore.vendored.requests.packages.urllib3.connectionpool:Starting new HTTP connection (1): dynamodb.us-east-1.amazonaws.com
INFO:root:We already know about the down-trend for ANGI
INFO:root:Current 10 day SMA is 6.566999999999998, current 20 day EMA is 7.0925917216771435, and current 30 day EMA is 7.392557948510526
INFO:root:-----------------End work on stock symbol ANGI.------------------------
INFO:root:-----------------Starting work on stock symbol ANGO.------------------------
INFO:requests.packages.urllib3.connectionpool:Starting new HTTPS connection (1): query.yahooapis.com
INFO:root:This is the total number of trading days - 207
INFO:root:This stock is either too expensive or not traded actively enough to work with.
INFO:root:-----------------End work on stock symbol ANGO.------------------------
INFO:root:-----------------Starting work on stock symbol ANSS.------------------------
INFO:requests.packages.urllib3.connectionpool:Starting new HTTPS connection (1): query.yahooapis.com
INFO:root:This is the total number of trading days - 207
INFO:root:This stock is either too expensive or not traded actively enough to work with.
INFO:root:-----------------End work on stock symbol ANSS.------------------------
INFO:root:-----------------Starting work on stock symbol ANTH.------------------------
INFO:requests.packages.urllib3.connectionpool:Starting new HTTPS connection (1): query.yahooapis.com
INFO:root:This is the total number of trading days - 207
INFO:root:We have a down-trend signal from ANTH
INFO:boto3.resources.action:Calling dynamodb:get_item with {'Key': {'stock_symbol': 'ANTH'}, 'TableName': 'Current_Trend'}
INFO:botocore.vendored.requests.packages.urllib3.connectionpool:Starting new HTTP connection (1): dynamodb.us-east-1.amazonaws.com
INFO:root:We already know about the down-trend for ANTH
INFO:root:Current 10 day SMA is 3.2330000000000005, current 20 day EMA is 3.294265954107613, and current 30 day EMA is 3.3239644438080322
INFO:root:-----------------End work on stock symbol ANTH.------------------------
INFO:root:-----------------Starting work on stock symbol APIC.------------------------
INFO:requests.packages.urllib3.connectionpool:Starting new HTTPS connection (1): query.yahooapis.com
INFO:root:This is the total number of trading days - 207
INFO:root:This stock is either too expensive or not traded actively enough to work with.
INFO:root:-----------------End work on stock symbol APIC.------------------------
INFO:root:-----------------Starting work on stock symbol APOL.------------------------
INFO:requests.packages.urllib3.connectionpool:Starting new HTTPS connection (1): query.yahooapis.com
INFO:root:This is the total number of trading days - 207
INFO:root:We have a down-trend signal from APOL
INFO:boto3.resources.action:Calling dynamodb:get_item with {'Key': {'stock_symbol': 'APOL'}, 'TableName': 'Current_Trend'}
INFO:botocore.vendored.requests.packages.urllib3.connectionpool:Starting new HTTP connection (1): dynamodb.us-east-1.amazonaws.com
INFO:root:We already know about the down-trend for APOL
INFO:root:Current 10 day SMA is 9.048, current 20 day EMA is 9.078082474902654, and current 30 day EMA is 9.04868434919317
INFO:root:-----------------End work on stock symbol APOL.------------------------
INFO:root:-----------------Starting work on stock symbol APPF.------------------------
INFO:requests.packages.urllib3.connectionpool:Starting new HTTPS connection (1): query.yahooapis.com
INFO:root:This is the total number of trading days - 207
INFO:root:This stock is either too expensive or not traded actively enough to work with.
INFO:root:-----------------End work on stock symbol APPF.------------------------
INFO:root:-----------------Starting work on stock symbol AAPL.------------------------
INFO:requests.packages.urllib3.connectionpool:Starting new HTTPS connection (1): query.yahooapis.com
INFO:root:This is the total number of trading days - 207
INFO:root:This stock is either too expensive or not traded actively enough to work with.
INFO:root:-----------------End work on stock symbol AAPL.------------------------
INFO:root:-----------------Starting work on stock symbol AGTC.------------------------
INFO:requests.packages.urllib3.connectionpool:Starting new HTTPS connection (1): query.yahooapis.com
INFO:root:This is the total number of trading days - 207
INFO:root:This stock is either too expensive or not traded actively enough to work with.
INFO:root:-----------------End work on stock symbol AGTC.------------------------
INFO:root:-----------------Starting work on stock symbol AMAT.------------------------
INFO:requests.packages.urllib3.connectionpool:Starting new HTTPS connection (1): query.yahooapis.com
INFO:root:This is the total number of trading days - 207
INFO:root:This stock is either too expensive or not traded actively enough to work with.
INFO:root:-----------------End work on stock symbol AMAT.------------------------
INFO:root:-----------------Starting work on stock symbol AMCC.------------------------
INFO:requests.packages.urllib3.connectionpool:Starting new HTTPS connection (1): query.yahooapis.com
INFO:root:This is the total number of trading days - 207
INFO:root:We have a down-trend signal from AMCC
INFO:boto3.resources.action:Calling dynamodb:get_item with {'Key': {'stock_symbol': 'AMCC'}, 'TableName': 'Current_Trend'}
INFO:botocore.vendored.requests.packages.urllib3.connectionpool:Starting new HTTP connection (1): dynamodb.us-east-1.amazonaws.com
INFO:root:We already know about the down-trend for AMCC
INFO:root:Current 10 day SMA is 6.247000000000001, current 20 day EMA is 6.381717158708382, and current 30 day EMA is 6.395464545522372
INFO:root:-----------------End work on stock symbol AMCC.------------------------
INFO:root:-----------------Starting work on stock symbol AAOI.------------------------
INFO:requests.packages.urllib3.connectionpool:Starting new HTTPS connection (1): query.yahooapis.com
INFO:root:This is the total number of trading days - 207
INFO:root:This stock is either too expensive or not traded actively enough to work with.
INFO:root:-----------------End work on stock symbol AAOI.------------------------
INFO:root:-----------------Starting work on stock symbol AREX.------------------------
INFO:requests.packages.urllib3.connectionpool:Starting new HTTPS connection (1): query.yahooapis.com
INFO:root:This is the total number of trading days - 207
INFO:root:We have a down-trend signal from AREX
INFO:boto3.resources.action:Calling dynamodb:get_item with {'Key': {'stock_symbol': 'AREX'}, 'TableName': 'Current_Trend'}
INFO:botocore.vendored.requests.packages.urllib3.connectionpool:Starting new HTTP connection (1): dynamodb.us-east-1.amazonaws.com
INFO:root:We already know about the down-trend for AREX
INFO:root:Current 10 day SMA is 2.061, current 20 day EMA is 2.180491374148778, and current 30 day EMA is 2.231248281742664
INFO:root:-----------------End work on stock symbol AREX.------------------------
INFO:root:-----------------Starting work on stock symbol AQMS.------------------------
INFO:requests.packages.urllib3.connectionpool:Starting new HTTPS connection (1): query.yahooapis.com
INFO:root:This is the total number of trading days - 207
INFO:root:This stock is either too expensive or not traded actively enough to work with.
INFO:root:-----------------End work on stock symbol AQMS.------------------------
INFO:root:-----------------Starting work on stock symbol AQXP.------------------------
INFO:requests.packages.urllib3.connectionpool:Starting new HTTPS connection (1): query.yahooapis.com
INFO:root:This is the total number of trading days - 207
INFO:root:This stock is either too expensive or not traded actively enough to work with.
INFO:root:-----------------End work on stock symbol AQXP.------------------------
INFO:root:-----------------Starting work on stock symbol AUMA.------------------------
INFO:requests.packages.urllib3.connectionpool:Starting new HTTPS connection (1): query.yahooapis.com
INFO:root:This is the total number of trading days - 207
INFO:root:This stock is either too expensive or not traded actively enough to work with.
INFO:root:-----------------End work on stock symbol AUMA.------------------------
INFO:root:-----------------Starting work on stock symbol ARDM.------------------------
INFO:requests.packages.urllib3.connectionpool:Starting new HTTPS connection (1): query.yahooapis.com
INFO:root:This is the total number of trading days - 207
INFO:root:This stock is either too expensive or not traded actively enough to work with.
INFO:root:-----------------End work on stock symbol ARDM.------------------------
INFO:root:-----------------Starting work on stock symbol PETX.------------------------
INFO:requests.packages.urllib3.connectionpool:Starting new HTTPS connection (1): query.yahooapis.com
INFO:root:This is the total number of trading days - 207
INFO:root:We have a down-trend signal from PETX
INFO:boto3.resources.action:Calling dynamodb:get_item with {'Key': {'stock_symbol': 'PETX'}, 'TableName': 'Current_Trend'}
INFO:botocore.vendored.requests.packages.urllib3.connectionpool:Starting new HTTP connection (1): dynamodb.us-east-1.amazonaws.com
INFO:root:We already know about the down-trend for PETX
INFO:root:Current 10 day SMA is 6.404000000000001, current 20 day EMA is 6.476538040245375, and current 30 day EMA is 6.450223081270123
INFO:root:-----------------End work on stock symbol PETX.------------------------
INFO:root:-----------------Starting work on stock symbol RKDA.------------------------
INFO:requests.packages.urllib3.connectionpool:Starting new HTTPS connection (1): query.yahooapis.com
INFO:root:This is the total number of trading days - 207
INFO:root:This stock is either too expensive or not traded actively enough to work with.
INFO:root:-----------------End work on stock symbol RKDA.------------------------
INFO:root:-----------------Starting work on stock symbol ACAT.------------------------
INFO:requests.packages.urllib3.connectionpool:Starting new HTTPS connection (1): query.yahooapis.com
INFO:root:This is the total number of trading days - 207
INFO:root:This stock is either too expensive or not traded actively enough to work with.
INFO:root:-----------------End work on stock symbol ACAT.------------------------
INFO:root:-----------------Starting work on stock symbol ARDX.------------------------
INFO:requests.packages.urllib3.connectionpool:Starting new HTTPS connection (1): query.yahooapis.com
INFO:root:This is the total number of trading days - 207
INFO:root:This stock is either too expensive or not traded actively enough to work with.
INFO:root:-----------------End work on stock symbol ARDX.------------------------
INFO:root:-----------------Starting work on stock symbol ARNA.------------------------
INFO:requests.packages.urllib3.connectionpool:Starting new HTTPS connection (1): query.yahooapis.com
INFO:root:This is the total number of trading days - 207
INFO:root:We have a down-trend signal from ARNA
INFO:boto3.resources.action:Calling dynamodb:get_item with {'Key': {'stock_symbol': 'ARNA'}, 'TableName': 'Current_Trend'}
INFO:botocore.vendored.requests.packages.urllib3.connectionpool:Starting new HTTP connection (1): dynamodb.us-east-1.amazonaws.com
INFO:root:We already know about the down-trend for ARNA
INFO:root:Current 10 day SMA is 1.6840000000000004, current 20 day EMA is 1.7471191436502287, and current 30 day EMA is 1.7614417598865295
INFO:root:-----------------End work on stock symbol ARNA.------------------------
INFO:root:-----------------Starting work on stock symbol ARGS.------------------------
INFO:requests.packages.urllib3.connectionpool:Starting new HTTPS connection (1): query.yahooapis.com
INFO:root:This is the total number of trading days - 207
INFO:root:This stock is either too expensive or not traded actively enough to work with.
INFO:root:-----------------End work on stock symbol ARGS.------------------------
INFO:root:-----------------Starting work on stock symbol ARIS.------------------------
INFO:requests.packages.urllib3.connectionpool:Starting new HTTPS connection (1): query.yahooapis.com
INFO:root:This is the total number of trading days - 207
INFO:root:This stock is either too expensive or not traded actively enough to work with.
INFO:root:-----------------End work on stock symbol ARIS.------------------------
INFO:root:-----------------Starting work on stock symbol ARIA.------------------------
INFO:requests.packages.urllib3.connectionpool:Starting new HTTPS connection (1): query.yahooapis.com
INFO:root:This is the total number of trading days - 207
INFO:root:We have a down-trend signal from ARIA
INFO:boto3.resources.action:Calling dynamodb:get_item with {'Key': {'stock_symbol': 'ARIA'}, 'TableName': 'Current_Trend'}
INFO:botocore.vendored.requests.packages.urllib3.connectionpool:Starting new HTTP connection (1): dynamodb.us-east-1.amazonaws.com
INFO:root:We already know about the down-trend for ARIA
INFO:root:Current 10 day SMA is 7.284999999999999, current 20 day EMA is 7.5370647848079235, and current 30 day EMA is 7.59747726778958
INFO:root:-----------------End work on stock symbol ARIA.------------------------
INFO:root:-----------------Starting work on stock symbol ARTX.------------------------
INFO:requests.packages.urllib3.connectionpool:Starting new HTTPS connection (1): query.yahooapis.com
INFO:root:This is the total number of trading days - 207
INFO:root:This stock is either too expensive or not traded actively enough to work with.
INFO:root:-----------------End work on stock symbol ARTX.------------------------
INFO:root:-----------------Starting work on stock symbol ARWA.------------------------
INFO:requests.packages.urllib3.connectionpool:Starting new HTTPS connection (1): query.yahooapis.com
INFO:root:This is the total number of trading days - 207
INFO:root:This stock is either too expensive or not traded actively enough to work with.
INFO:root:-----------------End work on stock symbol ARWA.------------------------
INFO:root:-----------------Starting work on stock symbol ARQL.------------------------
INFO:requests.packages.urllib3.connectionpool:Starting new HTTPS connection (1): query.yahooapis.com
INFO:root:This is the total number of trading days - 207
INFO:root:This stock is either too expensive or not traded actively enough to work with.
INFO:root:-----------------End work on stock symbol ARQL.------------------------
INFO:root:-----------------Starting work on stock symbol ARRY.------------------------
INFO:requests.packages.urllib3.connectionpool:Starting new HTTPS connection (1): query.yahooapis.com
INFO:root:This is the total number of trading days - 207
INFO:root:We have a up-trend signal from ARRY
INFO:boto3.resources.action:Calling dynamodb:get_item with {'Key': {'stock_symbol': 'ARRY'}, 'TableName': 'Current_Trend'}
INFO:botocore.vendored.requests.packages.urllib3.connectionpool:Starting new HTTP connection (1): dynamodb.us-east-1.amazonaws.com
INFO:root:We already know about the up-trend for ARRY
INFO:root:Current 10 day SMA is 3.553, current 20 day EMA is 3.5180833380015604, and current 30 day EMA is 3.4687816553050737
INFO:root:-----------------End work on stock symbol ARRY.------------------------
INFO:root:-----------------Starting work on stock symbol ASBB.------------------------
INFO:requests.packages.urllib3.connectionpool:Starting new HTTPS connection (1): query.yahooapis.com
INFO:root:This is the total number of trading days - 207
INFO:root:This stock is either too expensive or not traded actively enough to work with.
INFO:root:-----------------End work on stock symbol ASBB.------------------------
INFO:root:-----------------Starting work on stock symbol ASND.------------------------
INFO:requests.packages.urllib3.connectionpool:Starting new HTTPS connection (1): query.yahooapis.com
INFO:root:This is the total number of trading days - 207
INFO:root:This stock is either too expensive or not traded actively enough to work with.
INFO:root:-----------------End work on stock symbol ASND.------------------------
INFO:root:-----------------Starting work on stock symbol ASML.------------------------
INFO:requests.packages.urllib3.connectionpool:Starting new HTTPS connection (1): query.yahooapis.com
INFO:root:This is the total number of trading days - 207
INFO:root:This stock is either too expensive or not traded actively enough to work with.
INFO:root:-----------------End work on stock symbol ASML.------------------------
INFO:root:-----------------Starting work on stock symbol AZPN.------------------------
INFO:requests.packages.urllib3.connectionpool:Starting new HTTPS connection (1): query.yahooapis.com
INFO:root:This is the total number of trading days - 207
INFO:root:This stock is either too expensive or not traded actively enough to work with.
INFO:root:-----------------End work on stock symbol AZPN.------------------------
INFO:root:-----------------Starting work on stock symbol ASFI.------------------------
INFO:requests.packages.urllib3.connectionpool:Starting new HTTPS connection (1): query.yahooapis.com
INFO:root:This is the total number of trading days - 207
INFO:root:This stock is either too expensive or not traded actively enough to work with.
INFO:root:-----------------End work on stock symbol ASFI.------------------------
INFO:root:-----------------Starting work on stock symbol ASTE.------------------------
INFO:requests.packages.urllib3.connectionpool:Starting new HTTPS connection (1): query.yahooapis.com
INFO:root:This is the total number of trading days - 207
INFO:root:This stock is either too expensive or not traded actively enough to work with.
INFO:root:-----------------End work on stock symbol ASTE.------------------------
INFO:root:-----------------Starting work on stock symbol ALOT.------------------------
INFO:requests.packages.urllib3.connectionpool:Starting new HTTPS connection (1): query.yahooapis.com
INFO:root:This is the total number of trading days - 207
INFO:root:This stock is either too expensive or not traded actively enough to work with.
INFO:root:-----------------End work on stock symbol ALOT.------------------------
INFO:root:-----------------Starting work on stock symbol ATAI.------------------------
INFO:requests.packages.urllib3.connectionpool:Starting new HTTPS connection (1): query.yahooapis.com
INFO:root:This is the total number of trading days - 207
INFO:root:This stock is either too expensive or not traded actively enough to work with.
INFO:root:-----------------End work on stock symbol ATAI.------------------------
INFO:root:-----------------Starting work on stock symbol ATRA.------------------------
INFO:requests.packages.urllib3.connectionpool:Starting new HTTPS connection (1): query.yahooapis.com
INFO:root:This is the total number of trading days - 207
INFO:root:This stock is either too expensive or not traded actively enough to work with.
INFO:root:-----------------End work on stock symbol ATRA.------------------------
INFO:root:-----------------Starting work on stock symbol ATHN.------------------------
INFO:requests.packages.urllib3.connectionpool:Starting new HTTPS connection (1): query.yahooapis.com
INFO:root:This is the total number of trading days - 207
INFO:root:This stock is either too expensive or not traded actively enough to work with.
INFO:root:-----------------End work on stock symbol ATHN.------------------------
INFO:root:-----------------Starting work on stock symbol AAPC.------------------------
INFO:requests.packages.urllib3.connectionpool:Starting new HTTPS connection (1): query.yahooapis.com
INFO:root:This is the total number of trading days - 207
INFO:root:This stock is either too expensive or not traded actively enough to work with.
INFO:root:-----------------End work on stock symbol AAPC.------------------------
INFO:root:-----------------Starting work on stock symbol ABY.------------------------
INFO:requests.packages.urllib3.connectionpool:Starting new HTTPS connection (1): query.yahooapis.com
INFO:root:This is the total number of trading days - 207
INFO:root:This stock is either too expensive or not traded actively enough to work with.
INFO:root:-----------------End work on stock symbol ABY.------------------------
INFO:root:-----------------Starting work on stock symbol ATLC.------------------------
INFO:requests.packages.urllib3.connectionpool:Starting new HTTPS connection (1): query.yahooapis.com
INFO:root:This is the total number of trading days - 207
INFO:root:This stock is either too expensive or not traded actively enough to work with.
INFO:root:-----------------End work on stock symbol ATLC.------------------------
INFO:root:-----------------Starting work on stock symbol AFH.------------------------
INFO:requests.packages.urllib3.connectionpool:Starting new HTTPS connection (1): query.yahooapis.com
INFO:root:This is the total number of trading days - 207
INFO:root:This stock is either too expensive or not traded actively enough to work with.
INFO:root:-----------------End work on stock symbol AFH.------------------------
INFO:root:-----------------Starting work on stock symbol TEAM.------------------------
INFO:requests.packages.urllib3.connectionpool:Starting new HTTPS connection (1): query.yahooapis.com
INFO:root:This is the total number of trading days - 146
INFO:root:This stock is either too expensive or not traded actively enough to work with.
INFO:root:-----------------End work on stock symbol TEAM.------------------------
INFO:root:-----------------Starting work on stock symbol ATOS.------------------------
INFO:requests.packages.urllib3.connectionpool:Starting new HTTPS connection (1): query.yahooapis.com
INFO:root:This is the total number of trading days - 207
INFO:root:This stock is either too expensive or not traded actively enough to work with.
INFO:root:-----------------End work on stock symbol ATOS.------------------------
INFO:root:-----------------Starting work on stock symbol ATRC.------------------------
INFO:requests.packages.urllib3.connectionpool:Starting new HTTPS connection (1): query.yahooapis.com
INFO:root:This is the total number of trading days - 207
INFO:root:This stock is either too expensive or not traded actively enough to work with.
INFO:root:-----------------End work on stock symbol ATRC.------------------------
INFO:root:-----------------Starting work on stock symbol LIFE.------------------------
INFO:requests.packages.urllib3.connectionpool:Starting new HTTPS connection (1): query.yahooapis.com
INFO:root:This is the total number of trading days - 207
INFO:root:This stock is either too expensive or not traded actively enough to work with.
INFO:root:-----------------End work on stock symbol LIFE.------------------------
INFO:root:-----------------Starting work on stock symbol AUDC.------------------------
INFO:requests.packages.urllib3.connectionpool:Starting new HTTPS connection (1): query.yahooapis.com
INFO:root:This is the total number of trading days - 207
INFO:root:This stock is either too expensive or not traded actively enough to work with.
INFO:root:-----------------End work on stock symbol AUDC.------------------------
INFO:root:-----------------Starting work on stock symbol EARS.------------------------
INFO:requests.packages.urllib3.connectionpool:Starting new HTTPS connection (1): query.yahooapis.com
